2013/01/29 22:00:50 [error] [exception.CDbException] exception 'CDbException' with message 'CDbConnection failed to open the DB connection: SQLSTATE[42000] [1049] Unknown database 'review_'' in /var/www/review_online/common/lib/yii/db/CDbConnection.php:381
Stack trace:
#0 /var/www/review_online/common/lib/yii/db/CDbConnection.php(330): CDbConnection->open()
#1 /var/www/review_online/common/lib/yii/db/CDbConnection.php(308): CDbConnection->setActive(true)
#2 /var/www/review_online/common/lib/yii/base/CModule.php(387): CDbConnection->init()
#3 /var/www/review_online/common/lib/yii/base/CModule.php(103): CModule->getComponent('db')
#4 /var/www/review_online/common/lib/yii/gii/generators/model/ModelCode.php(57): CModule->__get('db')
#5 /var/www/review_online/common/lib/yii/web/CFormModel.php(39): ModelCode->init()
#6 /var/www/review_online/common/lib/yii/gii/CCodeGenerator.php(153): CFormModel->__construct()
#7 /var/www/review_online/common/lib/yii/gii/CCodeGenerator.php(63): CCodeGenerator->prepare()
#8 /var/www/review_online/common/lib/yii/web/actions/CInlineAction.php(49): CCodeGenerator->actionIndex()
#9 /var/www/review_online/common/lib/yii/web/CController.php(308): CInlineAction->runWithParams(Array)
#10 /var/www/review_online/common/lib/yii/web/CController.php(286): CController->runAction(Object(CInlineAction))
#11 /var/www/review_online/common/lib/yii/web/CController.php(265): CController->runActionWithFilters(Object(CInlineAction), Array)
#12 /var/www/review_online/common/lib/yii/web/CWebApplication.php(282): CController->run('')
#13 /var/www/review_online/common/lib/yii/web/CWebApplication.php(141): CWebApplication->runController('gii/model')
#14 /var/www/review_online/common/lib/yii/base/CApplication.php(169): CWebApplication->processRequest()
#15 /var/www/review_online/font-end/www/index.php(14): CApplication->run()
#16 {main}
REQUEST_URI=/index.php?r=gii/model
HTTP_REFERER=http://www.review.local/index.php?r=gii/default/index
---
2013/02/07 16:34:35 [error] [php] Object of class CHttpRequest could not be converted to string (/var/www/product-evaluation/sources/font-end/views/layouts/main.php:19)
Stack trace:
#0 /var/www/product-evaluation/sources/common/lib/yii/web/widgets/CContentDecorator.php(76): SiteController->renderFile()
#1 /var/www/product-evaluation/sources/common/lib/yii/web/widgets/CContentDecorator.php(54): CContentDecorator->decorate()
#2 /var/www/product-evaluation/sources/common/lib/yii/web/widgets/COutputProcessor.php(44): CContentDecorator->processOutput()
#3 /var/www/product-evaluation/sources/common/lib/yii/web/CBaseController.php(206): CContentDecorator->run()
#4 /var/www/product-evaluation/sources/common/lib/yii/web/CBaseController.php(300): SiteController->endWidget()
#5 /var/www/product-evaluation/sources/font-end/views/layouts/column1.php(6): SiteController->endContent()
#6 /var/www/product-evaluation/sources/common/lib/yii/web/CBaseController.php(126): require()
#7 /var/www/product-evaluation/sources/common/lib/yii/web/CBaseController.php(95): SiteController->renderInternal()
#8 /var/www/product-evaluation/sources/common/lib/yii/web/CController.php(784): SiteController->renderFile()
#9 /var/www/product-evaluation/sources/font-end/controllers/SiteController.php(32): SiteController->render()
#10 /var/www/product-evaluation/sources/common/lib/yii/web/actions/CInlineAction.php(49): SiteController->actionIndex()
#11 /var/www/product-evaluation/sources/common/lib/yii/web/CController.php(308): CInlineAction->runWithParams()
#12 /var/www/product-evaluation/sources/common/lib/yii/web/CController.php(286): SiteController->runAction()
#13 /var/www/product-evaluation/sources/common/lib/yii/web/CController.php(265): SiteController->runActionWithFilters()
#14 /var/www/product-evaluation/sources/common/lib/yii/web/CWebApplication.php(282): SiteController->run()
#15 /var/www/product-evaluation/sources/common/lib/yii/web/CWebApplication.php(141): CWebApplication->runController()
#16 /var/www/product-evaluation/sources/common/lib/yii/base/CApplication.php(169): CWebApplication->processRequest()
#17 /var/www/product-evaluation/sources/font-end/www/index.php(14): CWebApplication->run()
REQUEST_URI=/index.php?r=site/index
in /var/www/product-evaluation/sources/font-end/views/layouts/main.php (19)
in /var/www/product-evaluation/sources/font-end/views/layouts/column1.php (6)
in /var/www/product-evaluation/sources/font-end/controllers/SiteController.php (32)
2013/02/25 03:21:57 [error] [exception.CException] exception 'CException' with message 'CAssetManager.basePath "/assets" is invalid. Please make sure the directory exists and is writable by the Web server process.' in /var/www/product-evaluation/sources/common/lib/yii/web/CAssetManager.php:138
Stack trace:
#0 /var/www/product-evaluation/sources/common/lib/yii/base/CComponent.php(152): CAssetManager->setBasePath('/assets')
#1 /var/www/product-evaluation/sources/common/lib/yii/YiiBase.php(220): CComponent->__set('basePath', '/assets')
#2 /var/www/product-evaluation/sources/common/lib/yii/base/CModule.php(386): YiiBase::createComponent(Array)
#3 /var/www/product-evaluation/sources/common/lib/yii/web/CWebApplication.php(193): CModule->getComponent('assetManager')
#4 /var/www/product-evaluation/sources/common/lib/yii/web/CClientScript.php(462): CWebApplication->getAssetManager()
#5 /var/www/product-evaluation/sources/common/lib/yii/web/CClientScript.php(499): CClientScript->getCoreScriptUrl()
#6 /var/www/product-evaluation/sources/common/lib/yii/web/CClientScript.php(315): CClientScript->getPackageBaseUrl('jquery')
#7 /var/www/product-evaluation/sources/common/lib/yii/web/CClientScript.php(208): CClientScript->renderCoreScripts()
#8 /var/www/product-evaluation/sources/common/lib/yii/web/CController.php(351): CClientScript->render('<!DOCTYPE html ...')
#9 /var/www/product-evaluation/sources/common/lib/yii/web/CController.php(788): CController->processOutput('<!DOCTYPE html ...')
#10 /var/www/product-evaluation/sources/front-end/controllers/SiteController.php(72): CController->render('contact', Array)
#11 /var/www/product-evaluation/sources/common/lib/yii/web/actions/CInlineAction.php(49): SiteController->actionContact()
#12 /var/www/product-evaluation/sources/common/lib/yii/web/CController.php(308): CInlineAction->runWithParams(Array)
#13 /var/www/product-evaluation/sources/common/lib/yii/web/CController.php(286): CController->runAction(Object(CInlineAction))
#14 /var/www/product-evaluation/sources/common/lib/yii/web/CController.php(265): CController->runActionWithFilters(Object(CInlineAction), Array)
#15 /var/www/product-evaluation/sources/common/lib/yii/web/CWebApplication.php(282): CController->run('contact')
#16 /var/www/product-evaluation/sources/common/lib/yii/web/CWebApplication.php(141): CWebApplication->runController('site/contact')
#17 /var/www/product-evaluation/sources/common/lib/yii/base/CApplication.php(169): CWebApplication->processRequest()
#18 /var/www/product-evaluation/sources/www/front/index.php(14): CApplication->run()
#19 {main}
REQUEST_URI=/site/contact
HTTP_REFERER=http://review.local/site/page/view/about
---
